2022-12-02 14:48:29 [main] INFO  c.t.h.HospitalManagementSystemApplication -
				Starting HospitalManagementSystemApplication using Java 17.0.1 on DESKTOP-JSFVJA2 with PID 9796 (C:\Users\Admin\Desktop\Hospital Mangement System\hospitalmanagementsystem\target\classes started by Admin in C:\Users\Admin\Desktop\Hospital Mangement System\hospitalmanagementsystem)
2022-12-02 14:48:29 [main] DEBUG c.t.h.HospitalManagementSystemApplication -
				Running with Spring Boot v2.7.4, Spring v5.3.23
2022-12-02 14:48:29 [main] INFO  c.t.h.HospitalManagementSystemApplication -
				No active profile set, falling back to 1 default profile: "default"
2022-12-02 14:48:42 [main] INFO  c.t.h.HospitalManagementSystemApplication -
				Started HospitalManagementSystemApplication in 14.842 seconds (JVM running for 16.211)
2022-12-02 14:54:11 [http-nio-1234-exec-9] DEBUG c.t.h.controller.HospitalController -
				Request sandeep
2022-12-02 14:54:11 [http-nio-1234-exec-9] DEBUG c.t.h.controller.HospitalController -
				Response Hi sandeep Welcome to Test Yantra
2022-12-02 14:55:37 [http-nio-1234-exec-4] DEBUG c.t.h.controller.HospitalController -
				Request test
2022-12-02 15:06:54 [main] INFO  c.t.h.HospitalManagementSystemApplication -
				Starting HospitalManagementSystemApplication using Java 17.0.1 on DESKTOP-JSFVJA2 with PID 10168 (C:\Users\Admin\Desktop\Hospital Mangement System\hospitalmanagementsystem\target\classes started by Admin in C:\Users\Admin\Desktop\Hospital Mangement System\hospitalmanagementsystem)
2022-12-02 15:06:54 [main] DEBUG c.t.h.HospitalManagementSystemApplication -
				Running with Spring Boot v2.7.4, Spring v5.3.23
2022-12-02 15:06:54 [main] INFO  c.t.h.HospitalManagementSystemApplication -
				No active profile set, falling back to 1 default profile: "default"
2022-12-02 15:07:04 [main] INFO  c.t.h.HospitalManagementSystemApplication -
				Started HospitalManagementSystemApplication in 11.62 seconds (JVM running for 13.45)
2022-12-02 15:09:28 [main] INFO  c.t.h.HospitalManagementSystemApplication -
				Starting HospitalManagementSystemApplication using Java 17.0.1 on DESKTOP-JSFVJA2 with PID 6888 (C:\Users\Admin\Desktop\Hospital Mangement System\hospitalmanagementsystem\target\classes started by Admin in C:\Users\Admin\Desktop\Hospital Mangement System\hospitalmanagementsystem)
2022-12-02 15:09:28 [main] DEBUG c.t.h.HospitalManagementSystemApplication -
				Running with Spring Boot v2.7.4, Spring v5.3.23
2022-12-02 15:09:28 [main] INFO  c.t.h.HospitalManagementSystemApplication -
				No active profile set, falling back to 1 default profile: "default"
2022-12-02 15:09:39 [main] INFO  c.t.h.HospitalManagementSystemApplication -
				Started HospitalManagementSystemApplication in 11.257 seconds (JVM running for 12.636)
2022-12-02 15:10:29 [main] INFO  c.t.h.HospitalManagementSystemApplication -
				Starting HospitalManagementSystemApplication using Java 17.0.1 on DESKTOP-JSFVJA2 with PID 7524 (C:\Users\Admin\Desktop\Hospital Mangement System\hospitalmanagementsystem\target\classes started by Admin in C:\Users\Admin\Desktop\Hospital Mangement System\hospitalmanagementsystem)
2022-12-02 15:10:29 [main] DEBUG c.t.h.HospitalManagementSystemApplication -
				Running with Spring Boot v2.7.4, Spring v5.3.23
2022-12-02 15:10:29 [main] INFO  c.t.h.HospitalManagementSystemApplication -
				No active profile set, falling back to 1 default profile: "default"
2022-12-02 15:10:38 [main] INFO  c.t.h.HospitalManagementSystemApplication -
				Started HospitalManagementSystemApplication in 9.713 seconds (JVM running for 11.111)
2022-12-02 15:15:52 [main] INFO  c.t.h.HospitalManagementSystemApplication -
				Starting HospitalManagementSystemApplication using Java 17.0.1 on DESKTOP-JSFVJA2 with PID 8456 (C:\Users\Admin\Desktop\Hospital Mangement System\hospitalmanagementsystem\target\classes started by Admin in C:\Users\Admin\Desktop\Hospital Mangement System\hospitalmanagementsystem)
2022-12-02 15:15:52 [main] DEBUG c.t.h.HospitalManagementSystemApplication -
				Running with Spring Boot v2.7.4, Spring v5.3.23
2022-12-02 15:15:52 [main] INFO  c.t.h.HospitalManagementSystemApplication -
				No active profile set, falling back to 1 default profile: "default"
2022-12-02 15:16:03 [main] INFO  c.t.h.HospitalManagementSystemApplication -
				Started HospitalManagementSystemApplication in 11.205 seconds (JVM running for 12.494)
2022-12-02 15:23:25 [main] INFO  c.t.h.HospitalManagementSystemApplication -
				Starting HospitalManagementSystemApplication using Java 17.0.1 on DESKTOP-JSFVJA2 with PID 8588 (C:\Users\Admin\Desktop\Hospital Mangement System\hospitalmanagementsystem\target\classes started by Admin in C:\Users\Admin\Desktop\Hospital Mangement System\hospitalmanagementsystem)
2022-12-02 15:23:25 [main] DEBUG c.t.h.HospitalManagementSystemApplication -
				Running with Spring Boot v2.7.4, Spring v5.3.23
2022-12-02 15:23:25 [main] INFO  c.t.h.HospitalManagementSystemApplication -
				No active profile set, falling back to 1 default profile: "default"
2022-12-02 15:23:35 [main] INFO  c.t.h.HospitalManagementSystemApplication -
				Started HospitalManagementSystemApplication in 11.103 seconds (JVM running for 12.36)
2022-12-02 15:29:05 [main] INFO  c.t.h.HospitalManagementSystemApplication -
				Starting HospitalManagementSystemApplication using Java 17.0.1 on DESKTOP-JSFVJA2 with PID 9324 (C:\Users\Admin\Desktop\Hospital Mangement System\hospitalmanagementsystem\target\classes started by Admin in C:\Users\Admin\Desktop\Hospital Mangement System\hospitalmanagementsystem)
2022-12-02 15:29:05 [main] DEBUG c.t.h.HospitalManagementSystemApplication -
				Running with Spring Boot v2.7.4, Spring v5.3.23
2022-12-02 15:29:05 [main] INFO  c.t.h.HospitalManagementSystemApplication -
				No active profile set, falling back to 1 default profile: "default"
2022-12-02 15:29:19 [main] INFO  c.t.h.HospitalManagementSystemApplication -
				Started HospitalManagementSystemApplication in 14.372 seconds (JVM running for 18.759)
2022-12-02 15:30:44 [main] INFO  c.t.h.HospitalManagementSystemApplication -
				Starting HospitalManagementSystemApplication using Java 17.0.1 on DESKTOP-JSFVJA2 with PID 5324 (C:\Users\Admin\Desktop\Hospital Mangement System\hospitalmanagementsystem\target\classes started by Admin in C:\Users\Admin\Desktop\Hospital Mangement System\hospitalmanagementsystem)
2022-12-02 15:30:44 [main] DEBUG c.t.h.HospitalManagementSystemApplication -
				Running with Spring Boot v2.7.4, Spring v5.3.23
2022-12-02 15:30:44 [main] INFO  c.t.h.HospitalManagementSystemApplication -
				No active profile set, falling back to 1 default profile: "default"
2022-12-02 15:30:50 [main] INFO  c.t.h.HospitalManagementSystemApplication -
				Started HospitalManagementSystemApplication in 7.005 seconds (JVM running for 8.223)
2022-12-02 15:32:16 [main] INFO  c.t.h.HospitalManagementSystemApplication -
				Starting HospitalManagementSystemApplication using Java 17.0.1 on DESKTOP-JSFVJA2 with PID 10092 (C:\Users\Admin\Desktop\Hospital Mangement System\hospitalmanagementsystem\target\classes started by Admin in C:\Users\Admin\Desktop\Hospital Mangement System\hospitalmanagementsystem)
2022-12-02 15:32:16 [main] DEBUG c.t.h.HospitalManagementSystemApplication -
				Running with Spring Boot v2.7.4, Spring v5.3.23
2022-12-02 15:32:16 [main] INFO  c.t.h.HospitalManagementSystemApplication -
				No active profile set, falling back to 1 default profile: "default"
2022-12-02 15:32:22 [main] INFO  c.t.h.HospitalManagementSystemApplication -
				Started HospitalManagementSystemApplication in 7.015 seconds (JVM running for 8.184)
2022-12-02 15:37:37 [main] INFO  c.t.h.HospitalManagementSystemApplication -
				Starting HospitalManagementSystemApplication using Java 17.0.1 on DESKTOP-JSFVJA2 with PID 4076 (C:\Users\Admin\Desktop\Hospital Mangement System\hospitalmanagementsystem\target\classes started by Admin in C:\Users\Admin\Desktop\Hospital Mangement System\hospitalmanagementsystem)
2022-12-02 15:37:37 [main] DEBUG c.t.h.HospitalManagementSystemApplication -
				Running with Spring Boot v2.7.4, Spring v5.3.23
2022-12-02 15:37:37 [main] INFO  c.t.h.HospitalManagementSystemApplication -
				No active profile set, falling back to 1 default profile: "default"
2022-12-02 15:37:46 [main] INFO  c.t.h.HospitalManagementSystemApplication -
				Started HospitalManagementSystemApplication in 10.399 seconds (JVM running for 11.789)
2022-12-02 16:08:49 [main] INFO  c.t.h.HospitalManagementSystemApplication -
				Starting HospitalManagementSystemApplication using Java 17.0.1 on DESKTOP-JSFVJA2 with PID 9444 (C:\Users\Admin\Desktop\Hospital Mangement System\hospitalmanagementsystem\target\classes started by Admin in C:\Users\Admin\Desktop\Hospital Mangement System\hospitalmanagementsystem)
2022-12-02 16:08:49 [main] DEBUG c.t.h.HospitalManagementSystemApplication -
				Running with Spring Boot v2.7.4, Spring v5.3.23
2022-12-02 16:08:49 [main] INFO  c.t.h.HospitalManagementSystemApplication -
				No active profile set, falling back to 1 default profile: "default"
2022-12-02 16:10:19 [main] INFO  c.t.h.HospitalManagementSystemApplication -
				Started HospitalManagementSystemApplication in 90.227 seconds (JVM running for 92.067)
2022-12-02 16:24:48 [main] INFO  c.t.h.HospitalManagementSystemApplication -
				Starting HospitalManagementSystemApplication using Java 17.0.1 on DESKTOP-JSFVJA2 with PID 8004 (C:\Users\Admin\Desktop\Hospital Mangement System\hospitalmanagementsystem\target\classes started by Admin in C:\Users\Admin\Desktop\Hospital Mangement System\hospitalmanagementsystem)
2022-12-02 16:24:48 [main] DEBUG c.t.h.HospitalManagementSystemApplication -
				Running with Spring Boot v2.7.4, Spring v5.3.23
2022-12-02 16:24:48 [main] INFO  c.t.h.HospitalManagementSystemApplication -
				No active profile set, falling back to 1 default profile: "default"
2022-12-02 16:24:57 [main] INFO  c.t.h.HospitalManagementSystemApplication -
				Started HospitalManagementSystemApplication in 10.178 seconds (JVM running for 11.395)
2022-12-02 16:29:44 [main] INFO  c.t.h.HospitalManagementSystemApplication -
				Starting HospitalManagementSystemApplication using Java 17.0.1 on DESKTOP-JSFVJA2 with PID 10328 (C:\Users\Admin\Desktop\Hospital Mangement System\hospitalmanagementsystem\target\classes started by Admin in C:\Users\Admin\Desktop\Hospital Mangement System\hospitalmanagementsystem)
2022-12-02 16:29:44 [main] DEBUG c.t.h.HospitalManagementSystemApplication -
				Running with Spring Boot v2.7.4, Spring v5.3.23
2022-12-02 16:29:44 [main] INFO  c.t.h.HospitalManagementSystemApplication -
				No active profile set, falling back to 1 default profile: "default"
2022-12-02 16:30:05 [main] INFO  c.t.h.HospitalManagementSystemApplication -
				Started HospitalManagementSystemApplication in 23.139 seconds (JVM running for 24.883)
2022-12-02 16:32:35 [http-nio-1234-exec-7] INFO  c.t.h.controller.HospitalController -
				inside class --> HospitalController ---> method === getHospitalDataById 
2022-12-02 16:32:35 [http-nio-1234-exec-7] INFO  c.t.h.service.HospitalServiceImpl -
				inside class --->  HospitalServiceImpl -->method === getHospitalDataById 
2022-12-02 17:05:48 [main] INFO  c.t.h.HospitalManagementSystemApplication -
				Starting HospitalManagementSystemApplication using Java 17.0.1 on DESKTOP-JSFVJA2 with PID 1032 (C:\Users\Admin\Desktop\Hospital Mangement System\hospitalmanagementsystem\target\classes started by Admin in C:\Users\Admin\Desktop\Hospital Mangement System\hospitalmanagementsystem)
2022-12-02 17:05:48 [main] DEBUG c.t.h.HospitalManagementSystemApplication -
				Running with Spring Boot v2.7.4, Spring v5.3.23
2022-12-02 17:05:48 [main] INFO  c.t.h.HospitalManagementSystemApplication -
				No active profile set, falling back to 1 default profile: "default"
2022-12-02 17:06:44 [main] INFO  c.t.h.HospitalManagementSystemApplication -
				Started HospitalManagementSystemApplication in 58.42 seconds (JVM running for 61.035)
2022-12-02 17:14:51 [main] INFO  c.t.h.HospitalManagementSystemApplication -
				Starting HospitalManagementSystemApplication using Java 17.0.1 on DESKTOP-JSFVJA2 with PID 7664 (C:\Users\Admin\Desktop\Hospital Mangement System\hospitalmanagementsystem\target\classes started by Admin in C:\Users\Admin\Desktop\Hospital Mangement System\hospitalmanagementsystem)
2022-12-02 17:14:51 [main] DEBUG c.t.h.HospitalManagementSystemApplication -
				Running with Spring Boot v2.7.4, Spring v5.3.23
2022-12-02 17:14:51 [main] INFO  c.t.h.HospitalManagementSystemApplication -
				No active profile set, falling back to 1 default profile: "default"
2022-12-02 17:15:31 [main] INFO  c.t.h.HospitalManagementSystemApplication -
				Started HospitalManagementSystemApplication in 40.446 seconds (JVM running for 43.211)
2022-12-02 17:40:28 [main] INFO  c.t.h.HospitalManagementSystemApplication -
				Starting HospitalManagementSystemApplication using Java 17.0.1 on DESKTOP-JSFVJA2 with PID 10908 (C:\Users\Admin\Desktop\Hospital Mangement System\hospitalmanagementsystem\target\classes started by Admin in C:\Users\Admin\Desktop\Hospital Mangement System\hospitalmanagementsystem)
2022-12-02 17:40:29 [main] DEBUG c.t.h.HospitalManagementSystemApplication -
				Running with Spring Boot v2.7.4, Spring v5.3.23
2022-12-02 17:40:29 [main] INFO  c.t.h.HospitalManagementSystemApplication -
				No active profile set, falling back to 1 default profile: "default"
2022-12-02 17:41:38 [main] INFO  c.t.h.HospitalManagementSystemApplication -
				Started HospitalManagementSystemApplication in 72.568 seconds (JVM running for 78.136)
2022-12-02 17:44:16 [main] INFO  c.t.h.HospitalManagementSystemApplication -
				Starting HospitalManagementSystemApplication using Java 17.0.1 on DESKTOP-JSFVJA2 with PID 11772 (C:\Users\Admin\Desktop\Hospital Mangement System\hospitalmanagementsystem\target\classes started by Admin in C:\Users\Admin\Desktop\Hospital Mangement System\hospitalmanagementsystem)
2022-12-02 17:44:16 [main] DEBUG c.t.h.HospitalManagementSystemApplication -
				Running with Spring Boot v2.7.4, Spring v5.3.23
2022-12-02 17:44:16 [main] INFO  c.t.h.HospitalManagementSystemApplication -
				No active profile set, falling back to 1 default profile: "default"
2022-12-02 17:44:30 [main] INFO  c.t.h.HospitalManagementSystemApplication -
				Started HospitalManagementSystemApplication in 13.858 seconds (JVM running for 16.014)
2022-12-02 17:46:28 [main] INFO  c.t.h.HospitalManagementSystemApplication -
				Starting HospitalManagementSystemApplication using Java 17.0.1 on DESKTOP-JSFVJA2 with PID 9100 (C:\Users\Admin\Desktop\Hospital Mangement System\hospitalmanagementsystem\target\classes started by Admin in C:\Users\Admin\Desktop\Hospital Mangement System\hospitalmanagementsystem)
2022-12-02 17:46:28 [main] DEBUG c.t.h.HospitalManagementSystemApplication -
				Running with Spring Boot v2.7.4, Spring v5.3.23
2022-12-02 17:46:28 [main] INFO  c.t.h.HospitalManagementSystemApplication -
				No active profile set, falling back to 1 default profile: "default"
2022-12-02 17:46:35 [main] INFO  c.t.h.HospitalManagementSystemApplication -
				Started HospitalManagementSystemApplication in 7.505 seconds (JVM running for 8.77)
2022-12-02 17:51:16 [http-nio-1234-exec-4] INFO  c.t.h.controller.HospitalController -
				inside class --> HospitalController ---> method === getHospitalDataById 
2022-12-02 17:51:16 [http-nio-1234-exec-4] INFO  c.t.h.service.HospitalServiceImpl -
				inside class --->  HospitalServiceImpl -->method === getHospitalDataById 
2022-12-02 17:52:43 [http-nio-1234-exec-10] INFO  c.t.h.controller.HospitalController -
				inside class --> HospitalController ---> method === getHospitalDataById 
2022-12-02 17:52:43 [http-nio-1234-exec-10] INFO  c.t.h.service.HospitalServiceImpl -
				inside class --->  HospitalServiceImpl -->method === getHospitalDataById 
2022-12-02 18:36:32 [main] INFO  c.t.h.HospitalManagementSystemApplication -
				Starting HospitalManagementSystemApplication using Java 17.0.1 on DESKTOP-JSFVJA2 with PID 7872 (C:\Users\Admin\Desktop\Hospital Mangement System\hospitalmanagementsystem\target\classes started by Admin in C:\Users\Admin\Desktop\Hospital Mangement System\hospitalmanagementsystem)
2022-12-02 18:36:32 [main] DEBUG c.t.h.HospitalManagementSystemApplication -
				Running with Spring Boot v2.7.4, Spring v5.3.23
2022-12-02 18:36:32 [main] INFO  c.t.h.HospitalManagementSystemApplication -
				No active profile set, falling back to 1 default profile: "default"
2022-12-02 18:36:53 [main] INFO  c.t.h.HospitalManagementSystemApplication -
				Started HospitalManagementSystemApplication in 21.982 seconds (JVM running for 23.909)
2022-12-02 18:38:58 [http-nio-1234-exec-1] INFO  c.t.h.controller.HospitalController -
				inside class --->  HospitalController --> method === getAllHospitalData 
2022-12-02 18:38:58 [http-nio-1234-exec-1] INFO  c.t.h.service.HospitalServiceImpl -
				inside class --->  HospitalServiceImpl --> method === getAllTheHospitalDetails 
2022-12-02 18:43:37 [http-nio-1234-exec-4] INFO  c.t.h.controller.HospitalController -
				inside class --> HospitalController ---> method === getHospitalDataById 
2022-12-02 18:43:37 [http-nio-1234-exec-4] INFO  c.t.h.service.HospitalServiceImpl -
				inside class --->  HospitalServiceImpl -->method === getHospitalDataById 
2022-12-02 18:50:25 [http-nio-1234-exec-10] INFO  c.t.h.controller.HospitalController -
				inside class --> HospitalController ---> method === getHospitalDataById 
2022-12-02 18:50:25 [http-nio-1234-exec-10] INFO  c.t.h.service.HospitalServiceImpl -
				inside class --->  HospitalServiceImpl -->method === getHospitalDataById 
2022-12-02 19:10:48 [main] INFO  c.t.h.HospitalManagementSystemApplication -
				Starting HospitalManagementSystemApplication using Java 17.0.1 on DESKTOP-JSFVJA2 with PID 11820 (C:\Users\Admin\Desktop\Hospital Mangement System\hospitalmanagementsystem\target\classes started by Admin in C:\Users\Admin\Desktop\Hospital Mangement System\hospitalmanagementsystem)
2022-12-02 19:10:48 [main] DEBUG c.t.h.HospitalManagementSystemApplication -
				Running with Spring Boot v2.7.4, Spring v5.3.23
2022-12-02 19:10:48 [main] INFO  c.t.h.HospitalManagementSystemApplication -
				No active profile set, falling back to 1 default profile: "default"
2022-12-02 19:11:05 [main] INFO  c.t.h.HospitalManagementSystemApplication -
				Started HospitalManagementSystemApplication in 17.308 seconds (JVM running for 19.298)
